\BOOKMARK [0][-]{chapter.1}{\376\377\000I\000n\000t\000r\000o\000d\000u\000c\000t\000i\000o\000n}{}% 1
\BOOKMARK [0][-]{chapter.2}{\376\377\000U\000n\000d\000e\000r\000s\000t\000a\000n\000d\000i\000n\000g\000\040\000A\000d\000a\000m}{}% 2
\BOOKMARK [1][-]{section.2.1}{\376\377\000A\000\040\000\050\000v\000e\000r\000y\000\051\000\040\000B\000r\000i\000e\000f\000\040\000H\000i\000s\000t\000o\000r\000y\000\040\000o\000f\000\040\000O\000p\000t\000i\000m\000i\000z\000a\000t\000i\000o\000n}{chapter.2}% 3
\BOOKMARK [1][-]{section.2.2}{\376\377\000W\000h\000y\000\040\000i\000s\000\040\000A\000d\000a\000m\000W\000\040\000t\000h\000e\000\040\000T\000o\000p\000\040\000D\000o\000g\000?}{chapter.2}% 4
\BOOKMARK [1][-]{section.2.3}{\376\377\000P\000r\000e\000l\000i\000m\000i\000n\000a\000r\000i\000e\000s\000\040\000a\000n\000d\000\040\000R\000e\000l\000a\000t\000e\000d\000\040\000W\000o\000r\000k}{chapter.2}% 5
\BOOKMARK [2][-]{subsection.2.3.1}{\376\377\000E\000A\000d\000a\000m\000\040\000P\000a\000p\000e\000r\000\040\000p\000r\000o\000b\000a\000b\000l\000y}{section.2.3}% 6
\BOOKMARK [2][-]{subsection.2.3.2}{\376\377\000R\000e\000l\000a\000t\000i\000o\000n\000\040\000t\000o\000\040\000s\000i\000g\000n\000S\000G\000D}{section.2.3}% 7
\BOOKMARK [2][-]{subsection.2.3.3}{\376\377\000W\000h\000y\000\040\000t\000r\000a\000n\000s\000f\000o\000r\000m\000e\000r\000s\000\040\000n\000e\000e\000d\000\040\000A\000d\000a\000m\000:\000\040\000h\000e\000s\000s\000i\000a\000n\000\040\000a\000n\000d\000\040\000c\000l\000a\000s\000s\000\040\000i\000m\000b\000a\000l\000a\000n\000c\000e}{section.2.3}% 8
\BOOKMARK [2][-]{subsection.2.3.4}{\376\377\000T\000h\000e\000\040\000S\000e\000c\000r\000e\000t\000\040\000S\000a\000u\000c\000e\000\040\000p\000a\000p\000e\000r}{section.2.3}% 9
\BOOKMARK [1][-]{section.2.4}{\376\377\000S\000o\000m\000e\000\040\000E\000x\000p\000e\000r\000i\000m\000e\000n\000t\000s\000/\000A\000b\000l\000a\000t\000i\000o\000n\000s\000\040\000\050\000M\000o\000s\000t\000l\000y\000\040\000a\000n\000\040\000e\000x\000p\000e\000r\000i\000m\000e\000n\000t\000\040\000g\000r\000a\000v\000e\000y\000a\000r\000d\000\040\000s\000a\000d\000l\000y\000\051}{chapter.2}% 10
\BOOKMARK [2][-]{subsection.2.4.1}{}{section.2.4}% 11
\BOOKMARK [2][-]{subsection.2.4.2}{\376\377\000N\000e\000s\000t\000i\000n\000g\000\040\000t\000h\000e\000\040\000M\000o\000v\000i\000n\000g\000\040\000a\000v\000e\000r\000a\000g\000e\000s}{section.2.4}% 12
\BOOKMARK [2][-]{subsection.2.4.3}{\376\377\000A\000d\000a\000m\0002\000S\000G\000D\000\040\000a\000n\000d\000\040\000\040\000s\000c\000h\000e\000d\000u\000l\000e}{section.2.4}% 13
\BOOKMARK [2][-]{subsection.2.4.4}{\376\377\000H\000o\000w\000\040\000E\000M\000A\000\040\000s\000m\000o\000o\000t\000h\000s\000\040\000t\000h\000e\000\040\000u\000p\000d\000a\000t\000e\000\040\000s\000i\000g\000n\000a\000l}{section.2.4}% 14
\BOOKMARK [2][-]{subsection.2.4.5}{\376\377\000B\000a\000c\000k\000P\000A\000C\000K}{section.2.4}% 15
\BOOKMARK [2][-]{subsection.2.4.6}{\376\377\000T\000h\000e\000\040\000\040\000H\000y\000p\000e\000r\000p\000a\000r\000a\000m\000e\000t\000e\000r}{section.2.4}% 16
\BOOKMARK [0][-]{chapter.3}{\376\377\000B\000i\000a\000s\000\040\000C\000o\000r\000r\000e\000c\000t\000i\000o\000n\000\040\000i\000n\000\040\000A\000d\000a\000m\000:\000\040\000A\000\040\000D\000e\000t\000a\000i\000l\000e\000d\000\040\000A\000n\000a\000l\000y\000s\000i\000s}{}% 17
\BOOKMARK [1][-]{section.3.1}{\376\377\000B\000i\000a\000s\000\040\000C\000o\000r\000r\000e\000c\000t\000i\000o\000n\000:\000\040\000A\000n\000\040\000U\000n\000n\000e\000c\000e\000s\000s\000a\000r\000y\000\040\000E\000v\000i\000l\000?\000\040}{chapter.3}% 18
\BOOKMARK [2][-]{subsection.3.1.1}{\376\377\000A\000\040\000D\000i\000s\000c\000u\000s\000s\000i\000o\000n\000\040\000o\000f\000\040\000t\000h\000e\000\040\000"\000P\000r\000o\000o\000f\000"\000\040\000f\000o\000r\000\040\000B\000i\000a\000s\000\040\000C\000o\000r\000r\000e\000c\000t\000i\000o\000n}{section.3.1}% 19
\BOOKMARK [2][-]{subsection.3.1.2}{\376\377\000E\000x\000p\000e\000r\000i\000m\000e\000n\000t\000a\000l\000\040\000O\000u\000t\000l\000i\000n\000e}{section.3.1}% 20
\BOOKMARK [1][-]{section.3.2}{\376\377\000I\000s\000\040\000B\000i\000a\000s\000\040\000C\000o\000r\000r\000e\000c\000t\000i\000o\000n\000\040\000j\000u\000s\000t\000\040\000H\000i\000d\000d\000e\000n\000\040\000L\000e\000a\000r\000n\000i\000n\000g\000\040\000r\000a\000t\000e\000\040\000s\000c\000h\000e\000d\000u\000l\000i\000n\000g\000?}{chapter.3}% 21
\BOOKMARK [0][-]{chapter.4}{\376\377\000B\000e\000y\000o\000n\000d\000\040\000A\000d\000a\000m\000:\000\040\000I\000s\000\040\000M\000u\000o\000n\000\040\000t\000h\000e\000\040\000f\000u\000t\000u\000r\000e\000?}{}% 22
\BOOKMARK [1][-]{section.4.1}{\376\377\000R\000e\000l\000a\000t\000e\000d\000\040\000W\000o\000r\000k}{chapter.4}% 23
\BOOKMARK [1][-]{section.4.2}{\376\377\000U\000n\000d\000e\000r\000s\000t\000a\000n\000d\000i\000n\000g\000\040\000M\000u\000o\000n}{chapter.4}% 24
\BOOKMARK [2][-]{subsection.4.2.1}{\376\377\000M\000e\000t\000r\000i\000z\000e\000d\000\040\000D\000e\000e\000p\000\040\000L\000e\000a\000r\000n\000i\000n\000g}{section.4.2}% 25
\BOOKMARK [2][-]{subsection.4.2.2}{\376\377\000D\000u\000a\000l\000i\000z\000e\000d\000\040\000G\000r\000a\000d\000i\000e\000n\000t\000s\000\040\000a\000n\000d\000\040\000M\000e\000t\000r\000i\000z\000e\000d\000\040\000D\000e\000e\000p\000\040\000L\000e\000a\000r\000n\000i\000n\000g}{section.4.2}% 26
\BOOKMARK [2][-]{subsection.4.2.3}{\376\377\000P\000r\000o\000o\000f\000\040\000o\000f\000\040\000O\000r\000t\000h\000o\000g\000o\000n\000a\000l\000\040\000U\000p\000d\000a\000t\000e\000\040\000s\000t\000e\000p}{section.4.2}% 27
\BOOKMARK [2][-]{subsection.4.2.4}{\376\377\000M\000u\000o\000n\000'\000s\000\040\000R\000e\000l\000a\000t\000i\000o\000n\000s\000h\000i\000p\000\040\000t\000o\000\040\000S\000h\000a\000m\000p\000o\000o}{section.4.2}% 28
\BOOKMARK [2][-]{subsection.4.2.5}{\376\377\000T\000h\000e\000\040\000N\000e\000w\000t\000o\000n\000\040\000S\000c\000h\000u\000l\000z\000\040\000A\000l\000g\000o\000r\000i\000t\000h\000m}{section.4.2}% 29
\BOOKMARK [1][-]{section.4.3}{\376\377\000A\000b\000l\000a\000t\000i\000o\000n\000s\000\040\000o\000n\000\040\000S\000i\000m\000p\000l\000e\000\040\000P\000r\000o\000b\000l\000e\000m\000s}{chapter.4}% 30
\BOOKMARK [2][-]{subsection.4.3.1}{\376\377\000L\000i\000n\000e\000a\000r\000\040\000R\000e\000g\000r\000e\000s\000s\000i\000o\000n}{section.4.3}% 31
\BOOKMARK [2][-]{subsection.4.3.2}{\376\377\000A\000\040\000Q\000u\000a\000d\000r\000a\000t\000i\000c\000\040\000P\000r\000o\000b\000l\000e\000m}{section.4.3}% 32
\BOOKMARK [2][-]{subsection.4.3.3}{\376\377\000L\000o\000g\000i\000s\000t\000i\000c\000\040\000R\000e\000g\000r\000e\000s\000s\000i\000o\000n}{section.4.3}% 33
\BOOKMARK [1][-]{section.4.4}{\376\377\000S\000V\000D\000\040\000s\000t\000r\000u\000c\000t\000u\000r\000a\000l\000\040\000a\000n\000a\000l\000y\000s\000i\000s}{chapter.4}% 34
\BOOKMARK [2][-]{subsection.4.4.1}{\376\377\000C\000I\000F\000A\000R\000-\0001\0000\000\040\000R\000e\000s\000N\000e\000t}{section.4.4}% 35
\BOOKMARK [1][-]{section.4.5}{\376\377\000M\000u\000o\000n\000\040\000o\000n\000\040\000n\000a\000n\000o\000G\000P\000T\000\040\000a\000n\000d\000\040\000p\000l\000a\000i\000n\000L\000M}{chapter.4}% 36
\BOOKMARK [0][-]{chapter.5}{\376\377\000D\000i\000s\000c\000u\000s\000s\000i\000o\000n\000\040\000a\000n\000d\000\040\000F\000u\000t\000u\000r\000e\000\040\000W\000o\000r\000k}{}% 37
